<?xml version="1.0" encoding="UTF-8"?>
<!-- Generated by org.testng.reporters.JUnitReportReporter -->
<testsuite hostname="DESKTOP-TQITTE4" failures="0" tests="2" name="Campaigns.demoParallel" time="12.123" errors="0" timestamp="2023-07-09T03:54:13 IST" skipped="0">
  <testcase classname="Campaigns.demoParallel" name="verifylogo" time="7.478"/>
  <system-out/>
  <testcase classname="Campaigns.demoParallel" name="verifytitle" time="4.645"/>
  <system-out/>
</testsuite> <!-- Campaigns.demoParallel -->
