<?xml version="1.0" encoding="UTF-8"?>
<!-- Generated by org.testng.reporters.JUnitReportReporter -->
<testsuite hostname="DESKTOP-TQITTE4" failures="0" tests="1" name="product.CreateProduct" time="40.654" errors="0" timestamp="2023-05-20T15:19:04 IST" skipped="0">
  <testcase classname="product.CreateProduct" name="createProduct" time="40.654"/>
  <system-out/>
</testsuite> <!-- product.CreateProduct -->
