<?xml version="1.0" encoding="UTF-8"?>
<!-- Generated by org.testng.reporters.JUnitReportReporter -->
<testsuite hostname="DESKTOP-TQITTE4" failures="0" tests="1" name="product.CreateAndDeleteProduct" time="14.857" errors="0" timestamp="2023-05-20T15:21:40 IST" skipped="0">
  <testcase classname="product.CreateAndDeleteProduct" name="createAndDeleteProduct" time="14.857"/>
  <system-out/>
</testsuite> <!-- product.CreateAndDeleteProduct -->
