<?xml version="1.0" encoding="UTF-8"?>
<!-- Generated by org.testng.reporters.JUnitReportReporter -->
<testsuite hostname="DESKTOP-TQITTE4" failures="0" tests="1" name="Campaigns.CreateCampaignWithProduct" time="17.568" errors="0" timestamp="2023-03-27T23:33:04 IST" skipped="0">
  <testcase classname="Campaigns.CreateCampaignWithProduct" name="createCampaignWithProduct" time="17.568"/>
  <system-out/>
</testsuite> <!-- Campaigns.CreateCampaignWithProduct -->
